2025-08-07 10:15:40,002 - root - INFO - Logging configured. Log file at: C:\Users\HP\Desktop\Mana_Knights_Code_Challenge-main\Mana_Knights_Code_Challenge-main\logs\app.log (logging_config.py:36)
2025-08-07 10:15:40,003 - root - INFO - Initializing Product Recommendation Service... (app.py:45)
2025-08-07 10:15:40,004 - sentence_transformers.SentenceTransformer - INFO - Load pretrained SentenceTransformer: all-MiniLM-L6-v2 (SentenceTransformer.py:113)
2025-08-07 10:15:46,928 - sentence_transformers.SentenceTransformer - INFO - Use pytorch device_name: cpu (SentenceTransformer.py:219)
2025-08-07 10:15:46,930 - services.vector_knowledge_base.embedding_service - INFO - Embedding service initialized with model: all-MiniLM-L6-v2 (embedding_service.py:40)
2025-08-07 10:15:46,930 - services.vector_knowledge_base.embedding_service - INFO - Embedding dimension: 384 (embedding_service.py:41)
2025-08-07 10:15:46,931 - sentence_transformers.SentenceTransformer - INFO - Load pretrained SentenceTransformer: all-MiniLM-L6-v2 (SentenceTransformer.py:113)
2025-08-07 10:15:51,440 - sentence_transformers.SentenceTransformer - INFO - Use pytorch device_name: cpu (SentenceTransformer.py:219)
2025-08-07 10:15:51,441 - services.vector_knowledge_base.embedding_service - INFO - Embedding service initialized with model: all-MiniLM-L6-v2 (embedding_service.py:40)
2025-08-07 10:15:51,441 - services.vector_knowledge_base.embedding_service - INFO - Embedding dimension: 384 (embedding_service.py:41)
2025-08-07 10:15:54,602 - services.vector_knowledge_base.vector_service - INFO - Using existing index: product-recommendations (vector_service.py:68)
2025-08-07 10:15:56,372 - services.vector_knowledge_base.vector_service - INFO - Vector service initialized successfully. (vector_service.py:71)
2025-08-07 10:15:57,291 - services.vector_knowledge_base.embedding_service - INFO - Processed 32/3305 embeddings... (embedding_service.py:191)
2025-08-07 10:15:57,369 - services.vector_knowledge_base.embedding_service - INFO - Processed 64/3305 embeddings... (embedding_service.py:191)
2025-08-07 10:15:57,450 - services.vector_knowledge_base.embedding_service - INFO - Processed 96/3305 embeddings... (embedding_service.py:191)
2025-08-07 10:15:57,513 - services.vector_knowledge_base.embedding_service - INFO - Processed 128/3305 embeddings... (embedding_service.py:191)
2025-08-07 10:15:57,579 - services.vector_knowledge_base.embedding_service - INFO - Processed 160/3305 embeddings... (embedding_service.py:191)
2025-08-07 10:15:57,648 - services.vector_knowledge_base.embedding_service - INFO - Processed 192/3305 embeddings... (embedding_service.py:191)
2025-08-07 10:15:57,707 - services.vector_knowledge_base.embedding_service - INFO - Processed 224/3305 embeddings... (embedding_service.py:191)
2025-08-07 10:15:57,782 - services.vector_knowledge_base.embedding_service - INFO - Processed 256/3305 embeddings... (embedding_service.py:191)
2025-08-07 10:15:57,860 - services.vector_knowledge_base.embedding_service - INFO - Processed 288/3305 embeddings... (embedding_service.py:191)
2025-08-07 10:15:57,933 - services.vector_knowledge_base.embedding_service - INFO - Processed 320/3305 embeddings... (embedding_service.py:191)
2025-08-07 10:15:58,014 - services.vector_knowledge_base.embedding_service - INFO - Processed 352/3305 embeddings... (embedding_service.py:191)
2025-08-07 10:15:58,076 - services.vector_knowledge_base.embedding_service - INFO - Processed 384/3305 embeddings... (embedding_service.py:191)
2025-08-07 10:15:58,156 - services.vector_knowledge_base.embedding_service - INFO - Processed 416/3305 embeddings... (embedding_service.py:191)
2025-08-07 10:15:58,244 - services.vector_knowledge_base.embedding_service - INFO - Processed 448/3305 embeddings... (embedding_service.py:191)
2025-08-07 10:15:58,311 - services.vector_knowledge_base.embedding_service - INFO - Processed 480/3305 embeddings... (embedding_service.py:191)
2025-08-07 10:15:58,380 - services.vector_knowledge_base.embedding_service - INFO - Processed 512/3305 embeddings... (embedding_service.py:191)
2025-08-07 10:15:58,473 - services.vector_knowledge_base.embedding_service - INFO - Processed 544/3305 embeddings... (embedding_service.py:191)
2025-08-07 10:15:58,561 - services.vector_knowledge_base.embedding_service - INFO - Processed 576/3305 embeddings... (embedding_service.py:191)
2025-08-07 10:15:58,633 - services.vector_knowledge_base.embedding_service - INFO - Processed 608/3305 embeddings... (embedding_service.py:191)
2025-08-07 10:15:58,731 - services.vector_knowledge_base.embedding_service - INFO - Processed 640/3305 embeddings... (embedding_service.py:191)
2025-08-07 10:15:58,831 - services.vector_knowledge_base.embedding_service - INFO - Processed 672/3305 embeddings... (embedding_service.py:191)
2025-08-07 10:15:59,066 - services.vector_knowledge_base.embedding_service - INFO - Processed 704/3305 embeddings... (embedding_service.py:191)
2025-08-07 10:15:59,150 - services.vector_knowledge_base.embedding_service - INFO - Processed 736/3305 embeddings... (embedding_service.py:191)
2025-08-07 10:15:59,236 - services.vector_knowledge_base.embedding_service - INFO - Processed 768/3305 embeddings... (embedding_service.py:191)
2025-08-07 10:15:59,320 - services.vector_knowledge_base.embedding_service - INFO - Processed 800/3305 embeddings... (embedding_service.py:191)
2025-08-07 10:15:59,417 - services.vector_knowledge_base.embedding_service - INFO - Processed 832/3305 embeddings... (embedding_service.py:191)
2025-08-07 10:15:59,504 - services.vector_knowledge_base.embedding_service - INFO - Processed 864/3305 embeddings... (embedding_service.py:191)
2025-08-07 10:15:59,579 - services.vector_knowledge_base.embedding_service - INFO - Processed 896/3305 embeddings... (embedding_service.py:191)
2025-08-07 10:15:59,674 - services.vector_knowledge_base.embedding_service - INFO - Processed 928/3305 embeddings... (embedding_service.py:191)
2025-08-07 10:15:59,744 - services.vector_knowledge_base.embedding_service - INFO - Processed 960/3305 embeddings... (embedding_service.py:191)
2025-08-07 10:15:59,843 - services.vector_knowledge_base.embedding_service - INFO - Processed 992/3305 embeddings... (embedding_service.py:191)
2025-08-07 10:15:59,915 - services.vector_knowledge_base.embedding_service - INFO - Processed 1024/3305 embeddings... (embedding_service.py:191)
2025-08-07 10:15:59,995 - services.vector_knowledge_base.embedding_service - INFO - Processed 1056/3305 embeddings... (embedding_service.py:191)
2025-08-07 10:16:00,079 - services.vector_knowledge_base.embedding_service - INFO - Processed 1088/3305 embeddings... (embedding_service.py:191)
2025-08-07 10:16:00,174 - services.vector_knowledge_base.embedding_service - INFO - Processed 1120/3305 embeddings... (embedding_service.py:191)
2025-08-07 10:16:00,261 - services.vector_knowledge_base.embedding_service - INFO - Processed 1152/3305 embeddings... (embedding_service.py:191)
2025-08-07 10:16:00,342 - services.vector_knowledge_base.embedding_service - INFO - Processed 1184/3305 embeddings... (embedding_service.py:191)
2025-08-07 10:16:00,423 - services.vector_knowledge_base.embedding_service - INFO - Processed 1216/3305 embeddings... (embedding_service.py:191)
2025-08-07 10:16:00,498 - services.vector_knowledge_base.embedding_service - INFO - Processed 1248/3305 embeddings... (embedding_service.py:191)
2025-08-07 10:16:00,567 - services.vector_knowledge_base.embedding_service - INFO - Processed 1280/3305 embeddings... (embedding_service.py:191)
2025-08-07 10:16:00,641 - services.vector_knowledge_base.embedding_service - INFO - Processed 1312/3305 embeddings... (embedding_service.py:191)
2025-08-07 10:16:00,712 - services.vector_knowledge_base.embedding_service - INFO - Processed 1344/3305 embeddings... (embedding_service.py:191)
2025-08-07 10:16:00,790 - services.vector_knowledge_base.embedding_service - INFO - Processed 1376/3305 embeddings... (embedding_service.py:191)
2025-08-07 10:16:00,865 - services.vector_knowledge_base.embedding_service - INFO - Processed 1408/3305 embeddings... (embedding_service.py:191)
2025-08-07 10:16:00,937 - services.vector_knowledge_base.embedding_service - INFO - Processed 1440/3305 embeddings... (embedding_service.py:191)
2025-08-07 10:16:01,009 - services.vector_knowledge_base.embedding_service - INFO - Processed 1472/3305 embeddings... (embedding_service.py:191)
2025-08-07 10:16:01,084 - services.vector_knowledge_base.embedding_service - INFO - Processed 1504/3305 embeddings... (embedding_service.py:191)
2025-08-07 10:16:01,145 - services.vector_knowledge_base.embedding_service - INFO - Processed 1536/3305 embeddings... (embedding_service.py:191)
2025-08-07 10:16:01,233 - services.vector_knowledge_base.embedding_service - INFO - Processed 1568/3305 embeddings... (embedding_service.py:191)
2025-08-07 10:16:01,310 - services.vector_knowledge_base.embedding_service - INFO - Processed 1600/3305 embeddings... (embedding_service.py:191)
2025-08-07 10:16:01,399 - services.vector_knowledge_base.embedding_service - INFO - Processed 1632/3305 embeddings... (embedding_service.py:191)
2025-08-07 10:16:01,505 - services.vector_knowledge_base.embedding_service - INFO - Processed 1664/3305 embeddings... (embedding_service.py:191)
2025-08-07 10:16:01,582 - services.vector_knowledge_base.embedding_service - INFO - Processed 1696/3305 embeddings... (embedding_service.py:191)
2025-08-07 10:16:01,645 - services.vector_knowledge_base.embedding_service - INFO - Processed 1728/3305 embeddings... (embedding_service.py:191)
2025-08-07 10:16:01,727 - services.vector_knowledge_base.embedding_service - INFO - Processed 1760/3305 embeddings... (embedding_service.py:191)
2025-08-07 10:16:01,794 - services.vector_knowledge_base.embedding_service - INFO - Processed 1792/3305 embeddings... (embedding_service.py:191)
2025-08-07 10:16:01,867 - services.vector_knowledge_base.embedding_service - INFO - Processed 1824/3305 embeddings... (embedding_service.py:191)
2025-08-07 10:16:01,953 - services.vector_knowledge_base.embedding_service - INFO - Processed 1856/3305 embeddings... (embedding_service.py:191)
2025-08-07 10:16:02,040 - services.vector_knowledge_base.embedding_service - INFO - Processed 1888/3305 embeddings... (embedding_service.py:191)
2025-08-07 10:16:02,130 - services.vector_knowledge_base.embedding_service - INFO - Processed 1920/3305 embeddings... (embedding_service.py:191)
2025-08-07 10:16:02,197 - services.vector_knowledge_base.embedding_service - INFO - Processed 1952/3305 embeddings... (embedding_service.py:191)
2025-08-07 10:16:02,274 - services.vector_knowledge_base.embedding_service - INFO - Processed 1984/3305 embeddings... (embedding_service.py:191)
2025-08-07 10:16:02,353 - services.vector_knowledge_base.embedding_service - INFO - Processed 2016/3305 embeddings... (embedding_service.py:191)
2025-08-07 10:16:02,425 - services.vector_knowledge_base.embedding_service - INFO - Processed 2048/3305 embeddings... (embedding_service.py:191)
2025-08-07 10:16:02,513 - services.vector_knowledge_base.embedding_service - INFO - Processed 2080/3305 embeddings... (embedding_service.py:191)
2025-08-07 10:16:02,590 - services.vector_knowledge_base.embedding_service - INFO - Processed 2112/3305 embeddings... (embedding_service.py:191)
2025-08-07 10:16:02,665 - services.vector_knowledge_base.embedding_service - INFO - Processed 2144/3305 embeddings... (embedding_service.py:191)
2025-08-07 10:16:02,750 - services.vector_knowledge_base.embedding_service - INFO - Processed 2176/3305 embeddings... (embedding_service.py:191)
2025-08-07 10:16:02,833 - services.vector_knowledge_base.embedding_service - INFO - Processed 2208/3305 embeddings... (embedding_service.py:191)
2025-08-07 10:16:02,917 - services.vector_knowledge_base.embedding_service - INFO - Processed 2240/3305 embeddings... (embedding_service.py:191)
2025-08-07 10:16:02,988 - services.vector_knowledge_base.embedding_service - INFO - Processed 2272/3305 embeddings... (embedding_service.py:191)
2025-08-07 10:16:03,074 - services.vector_knowledge_base.embedding_service - INFO - Processed 2304/3305 embeddings... (embedding_service.py:191)
2025-08-07 10:16:03,143 - services.vector_knowledge_base.embedding_service - INFO - Processed 2336/3305 embeddings... (embedding_service.py:191)
2025-08-07 10:16:03,207 - services.vector_knowledge_base.embedding_service - INFO - Processed 2368/3305 embeddings... (embedding_service.py:191)
2025-08-07 10:16:03,286 - services.vector_knowledge_base.embedding_service - INFO - Processed 2400/3305 embeddings... (embedding_service.py:191)
2025-08-07 10:16:03,358 - services.vector_knowledge_base.embedding_service - INFO - Processed 2432/3305 embeddings... (embedding_service.py:191)
2025-08-07 10:16:03,437 - services.vector_knowledge_base.embedding_service - INFO - Processed 2464/3305 embeddings... (embedding_service.py:191)
2025-08-07 10:16:03,507 - services.vector_knowledge_base.embedding_service - INFO - Processed 2496/3305 embeddings... (embedding_service.py:191)
2025-08-07 10:16:03,565 - services.vector_knowledge_base.embedding_service - INFO - Processed 2528/3305 embeddings... (embedding_service.py:191)
2025-08-07 10:16:03,637 - services.vector_knowledge_base.embedding_service - INFO - Processed 2560/3305 embeddings... (embedding_service.py:191)
2025-08-07 10:16:03,712 - services.vector_knowledge_base.embedding_service - INFO - Processed 2592/3305 embeddings... (embedding_service.py:191)
2025-08-07 10:16:03,785 - services.vector_knowledge_base.embedding_service - INFO - Processed 2624/3305 embeddings... (embedding_service.py:191)
2025-08-07 10:16:03,855 - services.vector_knowledge_base.embedding_service - INFO - Processed 2656/3305 embeddings... (embedding_service.py:191)
2025-08-07 10:16:03,932 - services.vector_knowledge_base.embedding_service - INFO - Processed 2688/3305 embeddings... (embedding_service.py:191)
2025-08-07 10:16:04,008 - services.vector_knowledge_base.embedding_service - INFO - Processed 2720/3305 embeddings... (embedding_service.py:191)
2025-08-07 10:16:04,066 - services.vector_knowledge_base.embedding_service - INFO - Processed 2752/3305 embeddings... (embedding_service.py:191)
2025-08-07 10:16:04,138 - services.vector_knowledge_base.embedding_service - INFO - Processed 2784/3305 embeddings... (embedding_service.py:191)
2025-08-07 10:16:04,214 - services.vector_knowledge_base.embedding_service - INFO - Processed 2816/3305 embeddings... (embedding_service.py:191)
2025-08-07 10:16:04,292 - services.vector_knowledge_base.embedding_service - INFO - Processed 2848/3305 embeddings... (embedding_service.py:191)
2025-08-07 10:16:04,358 - services.vector_knowledge_base.embedding_service - INFO - Processed 2880/3305 embeddings... (embedding_service.py:191)
2025-08-07 10:16:04,436 - services.vector_knowledge_base.embedding_service - INFO - Processed 2912/3305 embeddings... (embedding_service.py:191)
2025-08-07 10:16:04,505 - services.vector_knowledge_base.embedding_service - INFO - Processed 2944/3305 embeddings... (embedding_service.py:191)
2025-08-07 10:16:04,577 - services.vector_knowledge_base.embedding_service - INFO - Processed 2976/3305 embeddings... (embedding_service.py:191)
2025-08-07 10:16:04,654 - services.vector_knowledge_base.embedding_service - INFO - Processed 3008/3305 embeddings... (embedding_service.py:191)
2025-08-07 10:16:04,729 - services.vector_knowledge_base.embedding_service - INFO - Processed 3040/3305 embeddings... (embedding_service.py:191)
2025-08-07 10:16:04,796 - services.vector_knowledge_base.embedding_service - INFO - Processed 3072/3305 embeddings... (embedding_service.py:191)
2025-08-07 10:16:04,872 - services.vector_knowledge_base.embedding_service - INFO - Processed 3104/3305 embeddings... (embedding_service.py:191)
2025-08-07 10:16:04,941 - services.vector_knowledge_base.embedding_service - INFO - Processed 3136/3305 embeddings... (embedding_service.py:191)
2025-08-07 10:16:05,022 - services.vector_knowledge_base.embedding_service - INFO - Processed 3168/3305 embeddings... (embedding_service.py:191)
2025-08-07 10:16:05,088 - services.vector_knowledge_base.embedding_service - INFO - Processed 3200/3305 embeddings... (embedding_service.py:191)
2025-08-07 10:16:05,166 - services.vector_knowledge_base.embedding_service - INFO - Processed 3232/3305 embeddings... (embedding_service.py:191)
2025-08-07 10:16:05,239 - services.vector_knowledge_base.embedding_service - INFO - Processed 3264/3305 embeddings... (embedding_service.py:191)
2025-08-07 10:16:05,310 - services.vector_knowledge_base.embedding_service - INFO - Processed 3296/3305 embeddings... (embedding_service.py:191)
2025-08-07 10:16:05,339 - services.vector_knowledge_base.embedding_service - INFO - Processed 3305/3305 embeddings... (embedding_service.py:191)
2025-08-07 10:16:09,849 - services.vector_knowledge_base.vector_service - INFO - Upserted batch of 100 vectors. (vector_service.py:102)
2025-08-07 10:16:11,220 - services.vector_knowledge_base.vector_service - INFO - Upserted batch of 100 vectors. (vector_service.py:102)
2025-08-07 10:16:13,433 - services.vector_knowledge_base.vector_service - INFO - Upserted batch of 100 vectors. (vector_service.py:102)
2025-08-07 10:16:14,806 - services.vector_knowledge_base.vector_service - INFO - Upserted batch of 100 vectors. (vector_service.py:102)
2025-08-07 10:16:16,150 - services.vector_knowledge_base.vector_service - INFO - Upserted batch of 100 vectors. (vector_service.py:102)
2025-08-07 10:16:17,488 - services.vector_knowledge_base.vector_service - INFO - Upserted batch of 100 vectors. (vector_service.py:102)
2025-08-07 10:16:18,759 - services.vector_knowledge_base.vector_service - INFO - Upserted batch of 100 vectors. (vector_service.py:102)
2025-08-07 10:16:19,872 - services.vector_knowledge_base.vector_service - INFO - Upserted batch of 100 vectors. (vector_service.py:102)
2025-08-07 10:16:21,217 - services.vector_knowledge_base.vector_service - INFO - Upserted batch of 100 vectors. (vector_service.py:102)
2025-08-07 10:16:22,578 - services.vector_knowledge_base.vector_service - INFO - Upserted batch of 100 vectors. (vector_service.py:102)
2025-08-07 10:16:23,924 - services.vector_knowledge_base.vector_service - INFO - Upserted batch of 100 vectors. (vector_service.py:102)
2025-08-07 10:16:24,916 - services.vector_knowledge_base.vector_service - INFO - Upserted batch of 100 vectors. (vector_service.py:102)
2025-08-07 10:16:26,082 - services.vector_knowledge_base.vector_service - INFO - Upserted batch of 100 vectors. (vector_service.py:102)
2025-08-07 10:16:27,059 - services.vector_knowledge_base.vector_service - INFO - Upserted batch of 100 vectors. (vector_service.py:102)
2025-08-07 10:16:27,803 - services.vector_knowledge_base.vector_service - INFO - Upserted batch of 100 vectors. (vector_service.py:102)
2025-08-07 10:16:28,853 - services.vector_knowledge_base.vector_service - INFO - Upserted batch of 100 vectors. (vector_service.py:102)
2025-08-07 10:16:29,734 - services.vector_knowledge_base.vector_service - INFO - Upserted batch of 100 vectors. (vector_service.py:102)
2025-08-07 10:16:31,095 - services.vector_knowledge_base.vector_service - INFO - Upserted batch of 100 vectors. (vector_service.py:102)
2025-08-07 10:16:32,063 - services.vector_knowledge_base.vector_service - INFO - Upserted batch of 100 vectors. (vector_service.py:102)
2025-08-07 10:16:32,992 - services.vector_knowledge_base.vector_service - INFO - Upserted batch of 100 vectors. (vector_service.py:102)
2025-08-07 10:16:33,896 - services.vector_knowledge_base.vector_service - INFO - Upserted batch of 100 vectors. (vector_service.py:102)
2025-08-07 10:16:35,157 - services.vector_knowledge_base.vector_service - INFO - Upserted batch of 100 vectors. (vector_service.py:102)
2025-08-07 10:16:36,273 - services.vector_knowledge_base.vector_service - INFO - Upserted batch of 100 vectors. (vector_service.py:102)
2025-08-07 10:16:37,523 - services.vector_knowledge_base.vector_service - INFO - Upserted batch of 100 vectors. (vector_service.py:102)
2025-08-07 10:16:38,606 - services.vector_knowledge_base.vector_service - INFO - Upserted batch of 100 vectors. (vector_service.py:102)
2025-08-07 10:16:39,820 - services.vector_knowledge_base.vector_service - INFO - Upserted batch of 100 vectors. (vector_service.py:102)
2025-08-07 10:16:40,912 - services.vector_knowledge_base.vector_service - INFO - Upserted batch of 100 vectors. (vector_service.py:102)
2025-08-07 10:16:42,040 - services.vector_knowledge_base.vector_service - INFO - Upserted batch of 100 vectors. (vector_service.py:102)
2025-08-07 10:16:43,287 - services.vector_knowledge_base.vector_service - INFO - Upserted batch of 100 vectors. (vector_service.py:102)
2025-08-07 10:16:44,344 - services.vector_knowledge_base.vector_service - INFO - Upserted batch of 100 vectors. (vector_service.py:102)
2025-08-07 10:16:47,188 - services.vector_knowledge_base.vector_service - INFO - Upserted batch of 100 vectors. (vector_service.py:102)
2025-08-07 10:16:48,558 - services.vector_knowledge_base.vector_service - INFO - Upserted batch of 100 vectors. (vector_service.py:102)
2025-08-07 10:16:49,589 - services.vector_knowledge_base.vector_service - INFO - Upserted batch of 100 vectors. (vector_service.py:102)
2025-08-07 10:16:49,890 - services.vector_knowledge_base.vector_service - INFO - Upserted batch of 5 vectors. (vector_service.py:102)
2025-08-07 10:16:49,939 - root - INFO - Product Recommendation Service initialized successfully. (app.py:47)
2025-08-07 10:16:49,940 - root - INFO - Initializing OCR Query Service... (app.py:49)
2025-08-07 10:16:49,941 - services.ocr_service.ocr_service - INFO - Tesseract path set to: C:\\Program Files\\Tesseract-OCR\\tesseract.exe (ocr_service.py:52)
2025-08-07 10:16:49,941 - root - INFO - OCR Query Service initialized successfully. (app.py:51)
2025-08-07 10:16:49,942 - root - INFO - Initializing CNN Product Detection Service... (app.py:53)
2025-08-07 10:16:50,090 - absl - WARNING - Compiled the loaded model, but the compiled metrics have yet to be built. `model.compile_metrics` will be empty until you train or evaluate the model. (saving_utils.py:261)
2025-08-07 10:16:50,096 - root - INFO - CNN Product Detection Service initialized successfully. (app.py:56)
2025-08-07 10:16:50,101 - root - INFO - --- Application starting --- (app.py:325)
2025-08-07 10:16:50,102 - root - INFO - URL: http://127.0.0.1:5000 (app.py:326)
2025-08-07 10:16:50,102 - root - INFO - Dashboard: http://127.0.0.1:5000/ (app.py:327)
2025-08-07 10:16:50,102 - root - INFO - -------------------------- (app.py:328)
2025-08-07 10:16:50,121 - werkzeug - INFO - [31m[1mWARNING: This is a development server. Do not use it in a production deployment. Use a production WSGI server instead.[0m
 * Running on http://127.0.0.1:5000 (_internal.py:97)
2025-08-07 10:16:50,122 - werkzeug - INFO - [33mPress CTRL+C to quit[0m (_internal.py:97)
2025-08-07 10:16:50,135 - werkzeug - INFO -  * Restarting with watchdog (windowsapi) (_internal.py:97)
2025-08-07 10:17:00,059 - root - INFO - Logging configured. Log file at: C:\Users\HP\Desktop\Mana_Knights_Code_Challenge-main\Mana_Knights_Code_Challenge-main\logs\app.log (logging_config.py:36)
2025-08-07 10:17:00,060 - root - INFO - Initializing Product Recommendation Service... (app.py:45)
2025-08-07 10:17:00,061 - sentence_transformers.SentenceTransformer - INFO - Load pretrained SentenceTransformer: all-MiniLM-L6-v2 (SentenceTransformer.py:113)
2025-08-07 10:17:06,930 - sentence_transformers.SentenceTransformer - INFO - Use pytorch device_name: cpu (SentenceTransformer.py:219)
2025-08-07 10:17:06,932 - services.vector_knowledge_base.embedding_service - INFO - Embedding service initialized with model: all-MiniLM-L6-v2 (embedding_service.py:40)
2025-08-07 10:17:06,932 - services.vector_knowledge_base.embedding_service - INFO - Embedding dimension: 384 (embedding_service.py:41)
2025-08-07 10:17:06,933 - sentence_transformers.SentenceTransformer - INFO - Load pretrained SentenceTransformer: all-MiniLM-L6-v2 (SentenceTransformer.py:113)
2025-08-07 10:17:13,447 - sentence_transformers.SentenceTransformer - INFO - Use pytorch device_name: cpu (SentenceTransformer.py:219)
2025-08-07 10:17:13,449 - services.vector_knowledge_base.embedding_service - INFO - Embedding service initialized with model: all-MiniLM-L6-v2 (embedding_service.py:40)
2025-08-07 10:17:13,450 - services.vector_knowledge_base.embedding_service - INFO - Embedding dimension: 384 (embedding_service.py:41)
2025-08-07 10:17:14,757 - services.vector_knowledge_base.vector_service - INFO - Using existing index: product-recommendations (vector_service.py:68)
2025-08-07 10:17:16,820 - services.vector_knowledge_base.vector_service - INFO - Vector service initialized successfully. (vector_service.py:71)
2025-08-07 10:17:18,044 - services.vector_knowledge_base.embedding_service - INFO - Processed 32/3305 embeddings... (embedding_service.py:191)
2025-08-07 10:17:18,129 - services.vector_knowledge_base.embedding_service - INFO - Processed 64/3305 embeddings... (embedding_service.py:191)
2025-08-07 10:17:18,214 - services.vector_knowledge_base.embedding_service - INFO - Processed 96/3305 embeddings... (embedding_service.py:191)
2025-08-07 10:17:18,284 - services.vector_knowledge_base.embedding_service - INFO - Processed 128/3305 embeddings... (embedding_service.py:191)
2025-08-07 10:17:18,348 - services.vector_knowledge_base.embedding_service - INFO - Processed 160/3305 embeddings... (embedding_service.py:191)
2025-08-07 10:17:18,513 - services.vector_knowledge_base.embedding_service - INFO - Processed 192/3305 embeddings... (embedding_service.py:191)
2025-08-07 10:17:18,595 - services.vector_knowledge_base.embedding_service - INFO - Processed 224/3305 embeddings... (embedding_service.py:191)
2025-08-07 10:17:18,676 - services.vector_knowledge_base.embedding_service - INFO - Processed 256/3305 embeddings... (embedding_service.py:191)
2025-08-07 10:17:18,755 - services.vector_knowledge_base.embedding_service - INFO - Processed 288/3305 embeddings... (embedding_service.py:191)
2025-08-07 10:17:18,827 - services.vector_knowledge_base.embedding_service - INFO - Processed 320/3305 embeddings... (embedding_service.py:191)
2025-08-07 10:17:18,903 - services.vector_knowledge_base.embedding_service - INFO - Processed 352/3305 embeddings... (embedding_service.py:191)
2025-08-07 10:17:18,975 - services.vector_knowledge_base.embedding_service - INFO - Processed 384/3305 embeddings... (embedding_service.py:191)
2025-08-07 10:17:19,052 - services.vector_knowledge_base.embedding_service - INFO - Processed 416/3305 embeddings... (embedding_service.py:191)
2025-08-07 10:17:19,142 - services.vector_knowledge_base.embedding_service - INFO - Processed 448/3305 embeddings... (embedding_service.py:191)
2025-08-07 10:17:19,213 - services.vector_knowledge_base.embedding_service - INFO - Processed 480/3305 embeddings... (embedding_service.py:191)
2025-08-07 10:17:19,282 - services.vector_knowledge_base.embedding_service - INFO - Processed 512/3305 embeddings... (embedding_service.py:191)
2025-08-07 10:17:19,360 - services.vector_knowledge_base.embedding_service - INFO - Processed 544/3305 embeddings... (embedding_service.py:191)
2025-08-07 10:17:19,440 - services.vector_knowledge_base.embedding_service - INFO - Processed 576/3305 embeddings... (embedding_service.py:191)
2025-08-07 10:17:19,505 - services.vector_knowledge_base.embedding_service - INFO - Processed 608/3305 embeddings... (embedding_service.py:191)
2025-08-07 10:17:19,570 - services.vector_knowledge_base.embedding_service - INFO - Processed 640/3305 embeddings... (embedding_service.py:191)
2025-08-07 10:17:19,652 - services.vector_knowledge_base.embedding_service - INFO - Processed 672/3305 embeddings... (embedding_service.py:191)
2025-08-07 10:17:19,738 - services.vector_knowledge_base.embedding_service - INFO - Processed 704/3305 embeddings... (embedding_service.py:191)
2025-08-07 10:17:19,811 - services.vector_knowledge_base.embedding_service - INFO - Processed 736/3305 embeddings... (embedding_service.py:191)
2025-08-07 10:17:19,883 - services.vector_knowledge_base.embedding_service - INFO - Processed 768/3305 embeddings... (embedding_service.py:191)
2025-08-07 10:17:19,951 - services.vector_knowledge_base.embedding_service - INFO - Processed 800/3305 embeddings... (embedding_service.py:191)
2025-08-07 10:17:20,034 - services.vector_knowledge_base.embedding_service - INFO - Processed 832/3305 embeddings... (embedding_service.py:191)
2025-08-07 10:17:20,113 - services.vector_knowledge_base.embedding_service - INFO - Processed 864/3305 embeddings... (embedding_service.py:191)
2025-08-07 10:17:20,186 - services.vector_knowledge_base.embedding_service - INFO - Processed 896/3305 embeddings... (embedding_service.py:191)
2025-08-07 10:17:20,277 - services.vector_knowledge_base.embedding_service - INFO - Processed 928/3305 embeddings... (embedding_service.py:191)
2025-08-07 10:17:20,339 - services.vector_knowledge_base.embedding_service - INFO - Processed 960/3305 embeddings... (embedding_service.py:191)
2025-08-07 10:17:20,424 - services.vector_knowledge_base.embedding_service - INFO - Processed 992/3305 embeddings... (embedding_service.py:191)
2025-08-07 10:17:20,493 - services.vector_knowledge_base.embedding_service - INFO - Processed 1024/3305 embeddings... (embedding_service.py:191)
2025-08-07 10:17:20,556 - services.vector_knowledge_base.embedding_service - INFO - Processed 1056/3305 embeddings... (embedding_service.py:191)
2025-08-07 10:17:20,629 - services.vector_knowledge_base.embedding_service - INFO - Processed 1088/3305 embeddings... (embedding_service.py:191)
2025-08-07 10:17:20,705 - services.vector_knowledge_base.embedding_service - INFO - Processed 1120/3305 embeddings... (embedding_service.py:191)
2025-08-07 10:17:20,778 - services.vector_knowledge_base.embedding_service - INFO - Processed 1152/3305 embeddings... (embedding_service.py:191)
2025-08-07 10:17:20,850 - services.vector_knowledge_base.embedding_service - INFO - Processed 1184/3305 embeddings... (embedding_service.py:191)
2025-08-07 10:17:20,932 - services.vector_knowledge_base.embedding_service - INFO - Processed 1216/3305 embeddings... (embedding_service.py:191)
2025-08-07 10:17:21,002 - services.vector_knowledge_base.embedding_service - INFO - Processed 1248/3305 embeddings... (embedding_service.py:191)
2025-08-07 10:17:21,079 - services.vector_knowledge_base.embedding_service - INFO - Processed 1280/3305 embeddings... (embedding_service.py:191)
2025-08-07 10:17:21,157 - services.vector_knowledge_base.embedding_service - INFO - Processed 1312/3305 embeddings... (embedding_service.py:191)
2025-08-07 10:17:21,225 - services.vector_knowledge_base.embedding_service - INFO - Processed 1344/3305 embeddings... (embedding_service.py:191)
2025-08-07 10:17:21,301 - services.vector_knowledge_base.embedding_service - INFO - Processed 1376/3305 embeddings... (embedding_service.py:191)
2025-08-07 10:17:21,377 - services.vector_knowledge_base.embedding_service - INFO - Processed 1408/3305 embeddings... (embedding_service.py:191)
2025-08-07 10:17:21,451 - services.vector_knowledge_base.embedding_service - INFO - Processed 1440/3305 embeddings... (embedding_service.py:191)
2025-08-07 10:17:21,516 - services.vector_knowledge_base.embedding_service - INFO - Processed 1472/3305 embeddings... (embedding_service.py:191)
2025-08-07 10:17:21,591 - services.vector_knowledge_base.embedding_service - INFO - Processed 1504/3305 embeddings... (embedding_service.py:191)
2025-08-07 10:17:21,647 - services.vector_knowledge_base.embedding_service - INFO - Processed 1536/3305 embeddings... (embedding_service.py:191)
2025-08-07 10:17:21,728 - services.vector_knowledge_base.embedding_service - INFO - Processed 1568/3305 embeddings... (embedding_service.py:191)
2025-08-07 10:17:21,799 - services.vector_knowledge_base.embedding_service - INFO - Processed 1600/3305 embeddings... (embedding_service.py:191)
2025-08-07 10:17:21,872 - services.vector_knowledge_base.embedding_service - INFO - Processed 1632/3305 embeddings... (embedding_service.py:191)
2025-08-07 10:17:21,947 - services.vector_knowledge_base.embedding_service - INFO - Processed 1664/3305 embeddings... (embedding_service.py:191)
2025-08-07 10:17:22,015 - services.vector_knowledge_base.embedding_service - INFO - Processed 1696/3305 embeddings... (embedding_service.py:191)
2025-08-07 10:17:22,071 - services.vector_knowledge_base.embedding_service - INFO - Processed 1728/3305 embeddings... (embedding_service.py:191)
2025-08-07 10:17:22,155 - services.vector_knowledge_base.embedding_service - INFO - Processed 1760/3305 embeddings... (embedding_service.py:191)
2025-08-07 10:17:22,237 - services.vector_knowledge_base.embedding_service - INFO - Processed 1792/3305 embeddings... (embedding_service.py:191)
2025-08-07 10:17:22,313 - services.vector_knowledge_base.embedding_service - INFO - Processed 1824/3305 embeddings... (embedding_service.py:191)
2025-08-07 10:17:22,390 - services.vector_knowledge_base.embedding_service - INFO - Processed 1856/3305 embeddings... (embedding_service.py:191)
2025-08-07 10:17:22,470 - services.vector_knowledge_base.embedding_service - INFO - Processed 1888/3305 embeddings... (embedding_service.py:191)
2025-08-07 10:17:22,549 - services.vector_knowledge_base.embedding_service - INFO - Processed 1920/3305 embeddings... (embedding_service.py:191)
2025-08-07 10:17:22,607 - services.vector_knowledge_base.embedding_service - INFO - Processed 1952/3305 embeddings... (embedding_service.py:191)
2025-08-07 10:17:22,690 - services.vector_knowledge_base.embedding_service - INFO - Processed 1984/3305 embeddings... (embedding_service.py:191)
2025-08-07 10:17:22,772 - services.vector_knowledge_base.embedding_service - INFO - Processed 2016/3305 embeddings... (embedding_service.py:191)
2025-08-07 10:17:22,839 - services.vector_knowledge_base.embedding_service - INFO - Processed 2048/3305 embeddings... (embedding_service.py:191)
2025-08-07 10:17:22,919 - services.vector_knowledge_base.embedding_service - INFO - Processed 2080/3305 embeddings... (embedding_service.py:191)
2025-08-07 10:17:22,992 - services.vector_knowledge_base.embedding_service - INFO - Processed 2112/3305 embeddings... (embedding_service.py:191)
2025-08-07 10:17:23,064 - services.vector_knowledge_base.embedding_service - INFO - Processed 2144/3305 embeddings... (embedding_service.py:191)
2025-08-07 10:17:23,138 - services.vector_knowledge_base.embedding_service - INFO - Processed 2176/3305 embeddings... (embedding_service.py:191)
2025-08-07 10:17:23,218 - services.vector_knowledge_base.embedding_service - INFO - Processed 2208/3305 embeddings... (embedding_service.py:191)
2025-08-07 10:17:23,297 - services.vector_knowledge_base.embedding_service - INFO - Processed 2240/3305 embeddings... (embedding_service.py:191)
2025-08-07 10:17:23,363 - services.vector_knowledge_base.embedding_service - INFO - Processed 2272/3305 embeddings... (embedding_service.py:191)
2025-08-07 10:17:23,445 - services.vector_knowledge_base.embedding_service - INFO - Processed 2304/3305 embeddings... (embedding_service.py:191)
2025-08-07 10:17:23,493 - services.vector_knowledge_base.embedding_service - INFO - Processed 2336/3305 embeddings... (embedding_service.py:191)
2025-08-07 10:17:23,555 - services.vector_knowledge_base.embedding_service - INFO - Processed 2368/3305 embeddings... (embedding_service.py:191)
2025-08-07 10:17:23,626 - services.vector_knowledge_base.embedding_service - INFO - Processed 2400/3305 embeddings... (embedding_service.py:191)
2025-08-07 10:17:23,719 - services.vector_knowledge_base.embedding_service - INFO - Processed 2432/3305 embeddings... (embedding_service.py:191)
2025-08-07 10:17:23,805 - services.vector_knowledge_base.embedding_service - INFO - Processed 2464/3305 embeddings... (embedding_service.py:191)
2025-08-07 10:17:23,872 - services.vector_knowledge_base.embedding_service - INFO - Processed 2496/3305 embeddings... (embedding_service.py:191)
2025-08-07 10:17:23,946 - services.vector_knowledge_base.embedding_service - INFO - Processed 2528/3305 embeddings... (embedding_service.py:191)
2025-08-07 10:17:24,022 - services.vector_knowledge_base.embedding_service - INFO - Processed 2560/3305 embeddings... (embedding_service.py:191)
2025-08-07 10:17:24,105 - services.vector_knowledge_base.embedding_service - INFO - Processed 2592/3305 embeddings... (embedding_service.py:191)
2025-08-07 10:17:24,179 - services.vector_knowledge_base.embedding_service - INFO - Processed 2624/3305 embeddings... (embedding_service.py:191)
2025-08-07 10:17:24,256 - services.vector_knowledge_base.embedding_service - INFO - Processed 2656/3305 embeddings... (embedding_service.py:191)
2025-08-07 10:17:24,342 - services.vector_knowledge_base.embedding_service - INFO - Processed 2688/3305 embeddings... (embedding_service.py:191)
2025-08-07 10:17:24,432 - services.vector_knowledge_base.embedding_service - INFO - Processed 2720/3305 embeddings... (embedding_service.py:191)
2025-08-07 10:17:24,494 - services.vector_knowledge_base.embedding_service - INFO - Processed 2752/3305 embeddings... (embedding_service.py:191)
2025-08-07 10:17:24,563 - services.vector_knowledge_base.embedding_service - INFO - Processed 2784/3305 embeddings... (embedding_service.py:191)
2025-08-07 10:17:24,636 - services.vector_knowledge_base.embedding_service - INFO - Processed 2816/3305 embeddings... (embedding_service.py:191)
2025-08-07 10:17:24,712 - services.vector_knowledge_base.embedding_service - INFO - Processed 2848/3305 embeddings... (embedding_service.py:191)
2025-08-07 10:17:24,781 - services.vector_knowledge_base.embedding_service - INFO - Processed 2880/3305 embeddings... (embedding_service.py:191)
2025-08-07 10:17:24,866 - services.vector_knowledge_base.embedding_service - INFO - Processed 2912/3305 embeddings... (embedding_service.py:191)
2025-08-07 10:17:24,934 - services.vector_knowledge_base.embedding_service - INFO - Processed 2944/3305 embeddings... (embedding_service.py:191)
2025-08-07 10:17:25,014 - services.vector_knowledge_base.embedding_service - INFO - Processed 2976/3305 embeddings... (embedding_service.py:191)
2025-08-07 10:17:25,099 - services.vector_knowledge_base.embedding_service - INFO - Processed 3008/3305 embeddings... (embedding_service.py:191)
2025-08-07 10:17:25,180 - services.vector_knowledge_base.embedding_service - INFO - Processed 3040/3305 embeddings... (embedding_service.py:191)
2025-08-07 10:17:25,261 - services.vector_knowledge_base.embedding_service - INFO - Processed 3072/3305 embeddings... (embedding_service.py:191)
2025-08-07 10:17:25,340 - services.vector_knowledge_base.embedding_service - INFO - Processed 3104/3305 embeddings... (embedding_service.py:191)
2025-08-07 10:17:25,418 - services.vector_knowledge_base.embedding_service - INFO - Processed 3136/3305 embeddings... (embedding_service.py:191)
2025-08-07 10:17:25,507 - services.vector_knowledge_base.embedding_service - INFO - Processed 3168/3305 embeddings... (embedding_service.py:191)
2025-08-07 10:17:25,585 - services.vector_knowledge_base.embedding_service - INFO - Processed 3200/3305 embeddings... (embedding_service.py:191)
2025-08-07 10:17:25,661 - services.vector_knowledge_base.embedding_service - INFO - Processed 3232/3305 embeddings... (embedding_service.py:191)
2025-08-07 10:17:25,743 - services.vector_knowledge_base.embedding_service - INFO - Processed 3264/3305 embeddings... (embedding_service.py:191)
2025-08-07 10:17:25,827 - services.vector_knowledge_base.embedding_service - INFO - Processed 3296/3305 embeddings... (embedding_service.py:191)
2025-08-07 10:17:25,853 - services.vector_knowledge_base.embedding_service - INFO - Processed 3305/3305 embeddings... (embedding_service.py:191)
2025-08-07 10:17:31,153 - services.vector_knowledge_base.vector_service - INFO - Upserted batch of 100 vectors. (vector_service.py:102)
2025-08-07 10:17:32,968 - services.vector_knowledge_base.vector_service - INFO - Upserted batch of 100 vectors. (vector_service.py:102)
2025-08-07 10:17:34,678 - services.vector_knowledge_base.vector_service - INFO - Upserted batch of 100 vectors. (vector_service.py:102)
2025-08-07 10:17:36,378 - services.vector_knowledge_base.vector_service - INFO - Upserted batch of 100 vectors. (vector_service.py:102)
2025-08-07 10:17:38,044 - services.vector_knowledge_base.vector_service - INFO - Upserted batch of 100 vectors. (vector_service.py:102)
2025-08-07 10:17:39,659 - services.vector_knowledge_base.vector_service - INFO - Upserted batch of 100 vectors. (vector_service.py:102)
2025-08-07 10:17:41,014 - services.vector_knowledge_base.vector_service - INFO - Upserted batch of 100 vectors. (vector_service.py:102)
2025-08-07 10:17:42,227 - services.vector_knowledge_base.vector_service - INFO - Upserted batch of 100 vectors. (vector_service.py:102)
2025-08-07 10:17:43,176 - services.vector_knowledge_base.vector_service - INFO - Upserted batch of 100 vectors. (vector_service.py:102)
2025-08-07 10:17:44,060 - services.vector_knowledge_base.vector_service - INFO - Upserted batch of 100 vectors. (vector_service.py:102)
2025-08-07 10:17:45,027 - services.vector_knowledge_base.vector_service - INFO - Upserted batch of 100 vectors. (vector_service.py:102)
2025-08-07 10:17:45,888 - services.vector_knowledge_base.vector_service - INFO - Upserted batch of 100 vectors. (vector_service.py:102)
2025-08-07 10:17:46,793 - services.vector_knowledge_base.vector_service - INFO - Upserted batch of 100 vectors. (vector_service.py:102)
2025-08-07 10:17:47,657 - services.vector_knowledge_base.vector_service - INFO - Upserted batch of 100 vectors. (vector_service.py:102)
2025-08-07 10:17:48,556 - services.vector_knowledge_base.vector_service - INFO - Upserted batch of 100 vectors. (vector_service.py:102)
2025-08-07 10:17:49,461 - services.vector_knowledge_base.vector_service - INFO - Upserted batch of 100 vectors. (vector_service.py:102)
2025-08-07 10:17:50,366 - services.vector_knowledge_base.vector_service - INFO - Upserted batch of 100 vectors. (vector_service.py:102)
2025-08-07 10:17:51,264 - services.vector_knowledge_base.vector_service - INFO - Upserted batch of 100 vectors. (vector_service.py:102)
2025-08-07 10:17:52,179 - services.vector_knowledge_base.vector_service - INFO - Upserted batch of 100 vectors. (vector_service.py:102)
2025-08-07 10:17:53,134 - services.vector_knowledge_base.vector_service - INFO - Upserted batch of 100 vectors. (vector_service.py:102)
2025-08-07 10:17:54,058 - services.vector_knowledge_base.vector_service - INFO - Upserted batch of 100 vectors. (vector_service.py:102)
2025-08-07 10:17:54,949 - services.vector_knowledge_base.vector_service - INFO - Upserted batch of 100 vectors. (vector_service.py:102)
2025-08-07 10:17:55,850 - services.vector_knowledge_base.vector_service - INFO - Upserted batch of 100 vectors. (vector_service.py:102)
2025-08-07 10:17:56,736 - services.vector_knowledge_base.vector_service - INFO - Upserted batch of 100 vectors. (vector_service.py:102)
2025-08-07 10:17:57,643 - services.vector_knowledge_base.vector_service - INFO - Upserted batch of 100 vectors. (vector_service.py:102)
2025-08-07 10:17:58,604 - services.vector_knowledge_base.vector_service - INFO - Upserted batch of 100 vectors. (vector_service.py:102)
2025-08-07 10:17:59,845 - services.vector_knowledge_base.vector_service - INFO - Upserted batch of 100 vectors. (vector_service.py:102)
2025-08-07 10:18:00,733 - services.vector_knowledge_base.vector_service - INFO - Upserted batch of 100 vectors. (vector_service.py:102)
2025-08-07 10:18:01,597 - services.vector_knowledge_base.vector_service - INFO - Upserted batch of 100 vectors. (vector_service.py:102)
2025-08-07 10:18:02,873 - services.vector_knowledge_base.vector_service - INFO - Upserted batch of 100 vectors. (vector_service.py:102)
2025-08-07 10:18:03,933 - services.vector_knowledge_base.vector_service - INFO - Upserted batch of 100 vectors. (vector_service.py:102)
2025-08-07 10:18:05,262 - services.vector_knowledge_base.vector_service - INFO - Upserted batch of 100 vectors. (vector_service.py:102)
2025-08-07 10:18:06,589 - services.vector_knowledge_base.vector_service - INFO - Upserted batch of 100 vectors. (vector_service.py:102)
2025-08-07 10:18:06,896 - services.vector_knowledge_base.vector_service - INFO - Upserted batch of 5 vectors. (vector_service.py:102)
2025-08-07 10:18:06,935 - root - INFO - Product Recommendation Service initialized successfully. (app.py:47)
2025-08-07 10:18:06,936 - root - INFO - Initializing OCR Query Service... (app.py:49)
2025-08-07 10:18:06,936 - services.ocr_service.ocr_service - INFO - Tesseract path set to: C:\\Program Files\\Tesseract-OCR\\tesseract.exe (ocr_service.py:52)
2025-08-07 10:18:06,937 - root - INFO - OCR Query Service initialized successfully. (app.py:51)
2025-08-07 10:18:06,937 - root - INFO - Initializing CNN Product Detection Service... (app.py:53)
2025-08-07 10:18:07,127 - absl - WARNING - Compiled the loaded model, but the compiled metrics have yet to be built. `model.compile_metrics` will be empty until you train or evaluate the model. (saving_utils.py:261)
2025-08-07 10:18:07,133 - root - INFO - CNN Product Detection Service initialized successfully. (app.py:56)
2025-08-07 10:18:07,138 - root - INFO - --- Application starting --- (app.py:325)
2025-08-07 10:18:07,138 - root - INFO - URL: http://127.0.0.1:5000 (app.py:326)
2025-08-07 10:18:07,138 - root - INFO - Dashboard: http://127.0.0.1:5000/ (app.py:327)
2025-08-07 10:18:07,139 - root - INFO - -------------------------- (app.py:328)
2025-08-07 10:18:07,148 - werkzeug - WARNING -  * Debugger is active! (_internal.py:97)
2025-08-07 10:18:07,152 - werkzeug - INFO -  * Debugger PIN: 141-591-045 (_internal.py:97)
2025-08-07 10:18:18,835 - werkzeug - INFO - 127.0.0.1 - - [07/Aug/2025 10:18:18] "GET / HTTP/1.1" 200 - (_internal.py:97)
2025-08-07 10:18:19,771 - werkzeug - INFO - 127.0.0.1 - - [07/Aug/2025 10:18:19] "[36mGET /static/css/modern-ui.css HTTP/1.1[0m" 304 - (_internal.py:97)
2025-08-07 10:18:26,687 - werkzeug - INFO - 127.0.0.1 - - [07/Aug/2025 10:18:26] "GET /text-search HTTP/1.1" 200 - (_internal.py:97)
2025-08-07 10:18:26,748 - werkzeug - INFO - 127.0.0.1 - - [07/Aug/2025 10:18:26] "[36mGET /static/css/modern-ui.css HTTP/1.1[0m" 304 - (_internal.py:97)
2025-08-07 10:18:31,846 - werkzeug - INFO - 127.0.0.1 - - [07/Aug/2025 10:18:31] "POST /product-recommendation HTTP/1.1" 200 - (_internal.py:97)
2025-08-07 10:18:33,615 - werkzeug - INFO - 127.0.0.1 - - [07/Aug/2025 10:18:33] "GET / HTTP/1.1" 200 - (_internal.py:97)
2025-08-07 10:18:33,668 - werkzeug - INFO - 127.0.0.1 - - [07/Aug/2025 10:18:33] "[36mGET /static/css/modern-ui.css HTTP/1.1[0m" 304 - (_internal.py:97)
2025-08-07 10:18:34,744 - werkzeug - INFO - 127.0.0.1 - - [07/Aug/2025 10:18:34] "GET /ocr-query HTTP/1.1" 200 - (_internal.py:97)
2025-08-07 10:18:34,798 - werkzeug - INFO - 127.0.0.1 - - [07/Aug/2025 10:18:34] "[36mGET /static/css/modern-ui.css HTTP/1.1[0m" 304 - (_internal.py:97)
2025-08-07 10:18:45,391 - services.ocr_service.ocr_service - INFO - Best result from original: 'Sy' (score: 24.0, confidence: 40.0%) (ocr_service.py:532)
2025-08-07 10:18:45,391 - services.ocr_service.ocr_service - INFO - Final extracted text: 'Sy' with confidence: 40.0% (ocr_service.py:196)
2025-08-07 10:18:45,391 - services.ocr_service.ocr_query_service - INFO - OCR extracted: 'Sy' with confidence: 40.0% (ocr_query_service.py:68)
2025-08-07 10:18:47,682 - werkzeug - INFO - 127.0.0.1 - - [07/Aug/2025 10:18:47] "POST /ocr-query HTTP/1.1" 200 - (_internal.py:97)
2025-08-07 10:18:59,108 - services.ocr_service.ocr_service - INFO - Best result from center_crop_light: 'Suggest some antiques' (score: 120.8, confidence: 92.7%) (ocr_service.py:532)
2025-08-07 10:18:59,109 - services.ocr_service.ocr_service - INFO - Final extracted text: 'Suggest some antiques' with confidence: 92.7% (ocr_service.py:196)
2025-08-07 10:18:59,109 - services.ocr_service.ocr_query_service - INFO - OCR extracted: 'Suggest some antiques' with confidence: 92.7% (ocr_query_service.py:68)
2025-08-07 10:19:00,021 - werkzeug - INFO - 127.0.0.1 - - [07/Aug/2025 10:19:00] "POST /ocr-query HTTP/1.1" 200 - (_internal.py:97)
2025-08-07 10:19:04,900 - werkzeug - INFO - 127.0.0.1 - - [07/Aug/2025 10:19:04] "GET / HTTP/1.1" 200 - (_internal.py:97)
2025-08-07 10:19:04,954 - werkzeug - INFO - 127.0.0.1 - - [07/Aug/2025 10:19:04] "[36mGET /static/css/modern-ui.css HTTP/1.1[0m" 304 - (_internal.py:97)
2025-08-07 10:19:06,788 - werkzeug - INFO - 127.0.0.1 - - [07/Aug/2025 10:19:06] "GET /image-detection HTTP/1.1" 200 - (_internal.py:97)
2025-08-07 10:19:06,834 - werkzeug - INFO - 127.0.0.1 - - [07/Aug/2025 10:19:06] "[36mGET /static/css/modern-ui.css HTTP/1.1[0m" 304 - (_internal.py:97)
2025-08-07 10:19:44,116 - werkzeug - INFO - 127.0.0.1 - - [07/Aug/2025 10:19:44] "POST /image-product-search HTTP/1.1" 200 - (_internal.py:97)
2025-08-07 10:19:58,561 - werkzeug - INFO - 127.0.0.1 - - [07/Aug/2025 10:19:58] "GET / HTTP/1.1" 200 - (_internal.py:97)
2025-08-07 10:19:58,601 - werkzeug - INFO - 127.0.0.1 - - [07/Aug/2025 10:19:58] "[36mGET /static/css/modern-ui.css HTTP/1.1[0m" 304 - (_internal.py:97)
2025-08-07 10:20:00,882 - werkzeug - INFO - 127.0.0.1 - - [07/Aug/2025 10:20:00] "GET /text-search HTTP/1.1" 200 - (_internal.py:97)
2025-08-07 10:20:00,930 - werkzeug - INFO - 127.0.0.1 - - [07/Aug/2025 10:20:00] "[36mGET /static/css/modern-ui.css HTTP/1.1[0m" 304 - (_internal.py:97)
2025-08-07 10:20:02,908 - werkzeug - INFO - 127.0.0.1 - - [07/Aug/2025 10:20:02] "GET / HTTP/1.1" 200 - (_internal.py:97)
2025-08-07 10:20:02,954 - werkzeug - INFO - 127.0.0.1 - - [07/Aug/2025 10:20:02] "[36mGET /static/css/modern-ui.css HTTP/1.1[0m" 304 - (_internal.py:97)
2025-08-07 10:20:04,475 - werkzeug - INFO - 127.0.0.1 - - [07/Aug/2025 10:20:04] "GET /ocr-query HTTP/1.1" 200 - (_internal.py:97)
2025-08-07 10:20:04,520 - werkzeug - INFO - 127.0.0.1 - - [07/Aug/2025 10:20:04] "[36mGET /static/css/modern-ui.css HTTP/1.1[0m" 304 - (_internal.py:97)
2025-08-07 10:20:05,867 - werkzeug - INFO - 127.0.0.1 - - [07/Aug/2025 10:20:05] "GET / HTTP/1.1" 200 - (_internal.py:97)
2025-08-07 10:20:05,910 - werkzeug - INFO - 127.0.0.1 - - [07/Aug/2025 10:20:05] "[36mGET /static/css/modern-ui.css HTTP/1.1[0m" 304 - (_internal.py:97)
